<?xml version="1.0" encoding="UTF-8"?>
<!-- Generated by org.testng.reporters.JUnitReportReporter -->
<testsuite hostname="SATTYA" failures="0" tests="1" name="com.qa.TestLayer.TestCase" time="74.982" errors="0" timestamp="2022-01-24T14:56:04 IST" skipped="0">
  <testcase classname="com.qa.TestLayer.TestCase" name="testCase" time="74.982"/>
  <system-out/>
</testsuite> <!-- com.qa.TestLayer.TestCase -->
